<?xml version="1.0" encoding="UTF-8"?>
<!-- Generated by org.testng.reporters.JUnitReportReporter -->
<testsuite hostname="Priyank" failures="0" tests="1" name="testlayer.CreateAccountTest" time="16.318" errors="0" timestamp="2023-01-13T19:43:05 EST" skipped="0">
  <testcase classname="testlayer.CreateAccountTest" name="CreateAccount" time="16.318"/>
  <system-out/>
</testsuite> <!-- testlayer.CreateAccountTest -->
