<?xml version="1.0" encoding="UTF-8"?>
<!-- Generated by org.testng.reporters.JUnitReportReporter -->
<testsuite hostname="Priyank" failures="0" tests="1" name="testlayer.PaginationTest" time="27.883" errors="0" timestamp="2023-01-17T14:37:20 EST" skipped="0">
  <testcase classname="testlayer.PaginationTest" name="Filtration" time="27.883"/>
  <system-out/>
</testsuite> <!-- testlayer.PaginationTest -->
