<?xml version="1.0" encoding="UTF-8"?>
<!-- Generated by org.testng.reporters.JUnitReportReporter -->
<testsuite hostname="Priyank" failures="0" tests="1" name="testlayer.YourAddressesTest" time="25.226" errors="0" timestamp="2023-01-09T14:02:04 EST" skipped="0">
  <testcase classname="testlayer.YourAddressesTest" name="AddAddress" time="25.226"/>
  <system-out/>
</testsuite> <!-- testlayer.YourAddressesTest -->
