<?xml version="1.0" encoding="UTF-8"?>
<!-- Generated by org.testng.reporters.JUnitReportReporter -->
<testsuite hostname="Priyank" failures="0" tests="1" name="testlayer.LoginPageTest" time="17.920" errors="0" timestamp="2023-01-13T19:35:50 EST" skipped="0">
  <testcase classname="testlayer.LoginPageTest" name="Login" time="17.920"/>
  <system-out/>
</testsuite> <!-- testlayer.LoginPageTest -->
