<?xml version="1.0" encoding="UTF-8"?>
<!-- Generated by org.testng.reporters.JUnitReportReporter -->
<testsuite hostname="Priyank" failures="0" tests="1" name="testlayer.YourPaymentsTest" time="84.684" errors="0" timestamp="2023-01-17T18:27:19 EST" skipped="0">
  <testcase classname="testlayer.YourPaymentsTest" name="YourPayments" time="84.684"/>
  <system-out/>
</testsuite> <!-- testlayer.YourPaymentsTest -->
